2023-10-20 14:40:50,001 INFO h.m.TestNGListener [TestNGListener.java:50] start test - onstart - : Gradle test
2023-10-20 14:40:51,993 INFO h.m.ApplicationManager [ApplicationManager.java:25] navigated to the url: https://telranedu.web.app/home
2023-10-20 14:40:52,004 INFO h.t.BaseTest [BaseTest.java:32] ----------------------------------------------------------------------------------
2023-10-20 14:40:52,004 INFO h.t.BaseTest [BaseTest.java:33] started method: negativeLoginWithUpperCase
2023-10-20 14:40:52,004 INFO h.t.BaseTest [BaseTest.java:34] started method with params: []
2023-10-20 14:40:52,005 INFO h.m.WDListener [WDListener.java:91] Before find element: By.xpath: //a[text()='LOGIN']
2023-10-20 14:40:52,018 INFO h.m.WDListener [WDListener.java:97] Element found success: By.xpath: //a[text()='LOGIN']
2023-10-20 14:40:52,022 INFO h.m.WDListener [WDListener.java:103] Start method click
2023-10-20 14:40:52,098 INFO h.m.WDListener [WDListener.java:109] done method click
2023-10-20 14:40:52,130 INFO h.m.WDListener [WDListener.java:91] Before find element: By.xpath: //a[text()='LOGIN']
2023-10-20 14:40:52,157 INFO h.m.WDListener [WDListener.java:97] Element found success: By.xpath: //a[text()='LOGIN']
2023-10-20 14:40:52,157 INFO h.m.WDListener [WDListener.java:103] Start method click
2023-10-20 14:40:52,195 INFO h.m.WDListener [WDListener.java:109] done method click
2023-10-20 14:40:52,196 INFO h.m.TestNGListener [TestNGListener.java:15] =============== started test: negativeLoginWithUpperCase ===============
2023-10-20 14:40:52,197 INFO h.m.WDListener [WDListener.java:91] Before find element: By.xpath: //input[@name='email']
2023-10-20 14:40:52,218 INFO h.m.WDListener [WDListener.java:97] Element found success: By.xpath: //input[@name='email']
2023-10-20 14:40:52,316 INFO h.m.WDListener [WDListener.java:91] Before find element: By.xpath: //input[@name='password']
2023-10-20 14:40:52,341 INFO h.m.WDListener [WDListener.java:97] Element found success: By.xpath: //input[@name='password']
2023-10-20 14:40:52,407 INFO h.m.WDListener [WDListener.java:91] Before find element: By.xpath: //button[@name='login']
2023-10-20 14:40:52,430 INFO h.m.WDListener [WDListener.java:97] Element found success: By.xpath: //button[@name='login']
2023-10-20 14:40:52,431 INFO h.m.WDListener [WDListener.java:103] Start method click
2023-10-20 14:40:52,460 INFO h.m.WDListener [WDListener.java:109] done method click
2023-10-20 14:40:53,497 INFO h.m.WDListener [WDListener.java:148] Start on exception in WD   Listener class
2023-10-20 14:40:53,497 INFO h.m.WDListener [WDListener.java:150] Created name for the screenshot: src/test/screenshots/screenshot-2023-10-20_144053.png
2023-10-20 14:40:53,498 ERROR h.m.WDListener [WDListener.java:151] unexpected alert open: {Alert text : Wrong email or password}
  (Session info: chrome=118.0.5993.89): Wrong email or password
Build info: version: '3.141.59', revision: 'e82be7d358', time: '2018-11-14T08:17:03'
System info: host: 'SKYOWNER', ip: '192.168.1.128', os.name: 'Windows 11', os.arch: 'amd64', os.version: '10.0', java.version: '1.8.0_333'
Driver info: org.openqa.selenium.chrome.ChromeDriver
Capabilities {acceptInsecureCerts: false, browserName: chrome, browserVersion: 118.0.5993.89, chrome: {chromedriverVersion: 118.0.5993.70 (e52f33f30b91..., userDataDir: C:\WINDOWS\SystemTemp\scope...}, fedcm:accounts: true, goog:chromeOptions: {debuggerAddress: localhost:61528}, javascriptEnabled: true, networkConnectionEnabled: false, pageLoadStrategy: normal, platform: WINDOWS, platformName: WINDOWS, proxy: Proxy(), setWindowRect: true, strictFileInteractability: false, timeouts: {implicit: 0, pageLoad: 300000, script: 30000}, unhandledPromptBehavior: dismiss and notify, webauthn:extension:credBlob: true, webauthn:extension:largeBlob: true, webauthn:extension:minPinLength: true, webauthn:extension:prf: true, webauthn:virtualAuthenticators: true}
Session ID: 3aa2495a087f2ba6f9afdb28bdf382bf
2023-10-20 14:40:53,498 ERROR h.m.WDListener [WDListener.java:152] [org.openqa.selenium.remote.http.W3CHttpResponseCodec.decode(W3CHttpResponseCodec.java:120), org.openqa.selenium.remote.http.W3CHttpResponseCodec.decode(W3CHttpResponseCodec.java:49), org.openqa.selenium.remote.HttpCommandExecutor.execute(HttpCommandExecutor.java:158), org.openqa.selenium.remote.service.DriverCommandExecutor.execute(DriverCommandExecutor.java:83), org.openqa.selenium.remote.RemoteWebDriver.execute(RemoteWebDriver.java:552), org.openqa.selenium.remote.RemoteWebDriver.execute(RemoteWebDriver.java:609), org.openqa.selenium.remote.RemoteWebDriver.getCurrentUrl(RemoteWebDriver.java:287), sun.reflect.NativeMethodAccessorImpl.invoke0(Native Method), sun.reflect.NativeMethodAccessorImpl.invoke(NativeMethodAccessorImpl.java:62), sun.reflect.DelegatingMethodAccessorImpl.invoke(DelegatingMethodAccessorImpl.java:43), java.lang.reflect.Method.invoke(Method.java:498), org.openqa.selenium.support.events.EventFiringWebDriver.lambda$new$1(EventFiringWebDriver.java:105), com.sun.proxy.$Proxy14.getCurrentUrl(Unknown Source), homework.manager.WDListener.beforeAlertAccept(WDListener.java:29), sun.reflect.NativeMethodAccessorImpl.invoke0(Native Method), sun.reflect.NativeMethodAccessorImpl.invoke(NativeMethodAccessorImpl.java:62), sun.reflect.DelegatingMethodAccessorImpl.invoke(DelegatingMethodAccessorImpl.java:43), java.lang.reflect.Method.invoke(Method.java:498), org.openqa.selenium.support.events.EventFiringWebDriver.lambda$new$0(EventFiringWebDriver.java:84), com.sun.proxy.$Proxy13.beforeAlertAccept(Unknown Source), org.openqa.selenium.support.events.EventFiringWebDriver$EventFiringAlert.accept(EventFiringWebDriver.java:794), homework.pages.LoginPage.waitForAlertAndAccept(LoginPage.java:89), homework.tests.LoginTests.negativeLoginWithUpperCase(LoginTests.java:50), sun.reflect.NativeMethodAccessorImpl.invoke0(Native Method), sun.reflect.NativeMethodAccessorImpl.invoke(NativeMethodAccessorImpl.java:62), sun.reflect.DelegatingMethodAccessorImpl.invoke(DelegatingMethodAccessorImpl.java:43), java.lang.reflect.Method.invoke(Method.java:498), org.testng.internal.MethodInvocationHelper.invokeMethod(MethodInvocationHelper.java:133), org.testng.internal.TestInvoker.invokeMethod(TestInvoker.java:598), org.testng.internal.TestInvoker.invokeTestMethod(TestInvoker.java:173), org.testng.internal.MethodRunner.runInSequence(MethodRunner.java:46), org.testng.internal.TestInvoker$MethodInvocationAgent.invoke(TestInvoker.java:824), org.testng.internal.TestInvoker.invokeTestMethods(TestInvoker.java:146), org.testng.internal.TestMethodWorker.invokeTestMethods(TestMethodWorker.java:146), org.testng.internal.TestMethodWorker.run(TestMethodWorker.java:128), java.util.concurrent.ThreadPoolExecutor.runWorker(ThreadPoolExecutor.java:1149), java.util.concurrent.ThreadPoolExecutor$Worker.run(ThreadPoolExecutor.java:624), java.lang.Thread.run(Thread.java:750)]
2023-10-20 14:40:53,498 ERROR h.m.WDListener [WDListener.java:153] org.openqa.selenium.UnhandledAlertException: unexpected alert open: {Alert text : Wrong email or password}
  (Session info: chrome=118.0.5993.89): Wrong email or password
Build info: version: '3.141.59', revision: 'e82be7d358', time: '2018-11-14T08:17:03'
System info: host: 'SKYOWNER', ip: '192.168.1.128', os.name: 'Windows 11', os.arch: 'amd64', os.version: '10.0', java.version: '1.8.0_333'
Driver info: org.openqa.selenium.chrome.ChromeDriver
Capabilities {acceptInsecureCerts: false, browserName: chrome, browserVersion: 118.0.5993.89, chrome: {chromedriverVersion: 118.0.5993.70 (e52f33f30b91..., userDataDir: C:\WINDOWS\SystemTemp\scope...}, fedcm:accounts: true, goog:chromeOptions: {debuggerAddress: localhost:61528}, javascriptEnabled: true, networkConnectionEnabled: false, pageLoadStrategy: normal, platform: WINDOWS, platformName: WINDOWS, proxy: Proxy(), setWindowRect: true, strictFileInteractability: false, timeouts: {implicit: 0, pageLoad: 300000, script: 30000}, unhandledPromptBehavior: dismiss and notify, webauthn:extension:credBlob: true, webauthn:extension:largeBlob: true, webauthn:extension:minPinLength: true, webauthn:extension:prf: true, webauthn:virtualAuthenticators: true}
Session ID: 3aa2495a087f2ba6f9afdb28bdf382bf
2023-10-20 14:40:54,110 INFO h.m.TestNGListener [TestNGListener.java:27] test failure: negativeLoginWithUpperCase
2023-10-20 14:40:54,111 INFO h.t.BaseTest [BaseTest.java:39] stopped method: negativeLoginWithUpperCase
2023-10-20 14:40:54,111 INFO h.t.BaseTest [BaseTest.java:40] stopped method with params: []
2023-10-20 14:40:54,112 INFO h.t.BaseTest [BaseTest.java:32] ----------------------------------------------------------------------------------
2023-10-20 14:40:54,112 INFO h.t.BaseTest [BaseTest.java:33] started method: negativeLoginWithoutSpecialSymbols
2023-10-20 14:40:54,112 INFO h.t.BaseTest [BaseTest.java:34] started method with params: []
2023-10-20 14:40:54,112 INFO h.m.WDListener [WDListener.java:91] Before find element: By.xpath: //a[text()='LOGIN']
2023-10-20 14:40:54,128 INFO h.m.WDListener [WDListener.java:97] Element found success: By.xpath: //a[text()='LOGIN']
2023-10-20 14:40:54,128 INFO h.m.WDListener [WDListener.java:103] Start method click
2023-10-20 14:40:54,168 INFO h.m.WDListener [WDListener.java:109] done method click
2023-10-20 14:40:54,214 INFO h.m.WDListener [WDListener.java:91] Before find element: By.xpath: //a[text()='LOGIN']
2023-10-20 14:40:54,235 INFO h.m.WDListener [WDListener.java:97] Element found success: By.xpath: //a[text()='LOGIN']
2023-10-20 14:40:54,236 INFO h.m.WDListener [WDListener.java:103] Start method click
2023-10-20 14:40:54,272 INFO h.m.WDListener [WDListener.java:109] done method click
2023-10-20 14:40:54,272 INFO h.m.TestNGListener [TestNGListener.java:15] =============== started test: negativeLoginWithoutSpecialSymbols ===============
2023-10-20 14:40:54,273 INFO h.m.WDListener [WDListener.java:91] Before find element: By.xpath: //input[@name='email']
2023-10-20 14:40:54,299 INFO h.m.WDListener [WDListener.java:97] Element found success: By.xpath: //input[@name='email']
2023-10-20 14:40:54,382 INFO h.m.WDListener [WDListener.java:91] Before find element: By.xpath: //input[@name='password']
2023-10-20 14:40:54,402 INFO h.m.WDListener [WDListener.java:97] Element found success: By.xpath: //input[@name='password']
2023-10-20 14:40:54,471 INFO h.m.WDListener [WDListener.java:91] Before find element: By.xpath: //button[@name='login']
2023-10-20 14:40:54,509 INFO h.m.WDListener [WDListener.java:97] Element found success: By.xpath: //button[@name='login']
2023-10-20 14:40:54,509 INFO h.m.WDListener [WDListener.java:103] Start method click
2023-10-20 14:40:54,541 INFO h.m.WDListener [WDListener.java:109] done method click
2023-10-20 14:40:55,058 INFO h.m.WDListener [WDListener.java:148] Start on exception in WD   Listener class
2023-10-20 14:40:55,059 INFO h.m.WDListener [WDListener.java:150] Created name for the screenshot: src/test/screenshots/screenshot-2023-10-20_144055.png
2023-10-20 14:40:55,059 ERROR h.m.WDListener [WDListener.java:151] unexpected alert open: {Alert text : Wrong email or password}
  (Session info: chrome=118.0.5993.89): Wrong email or password
Build info: version: '3.141.59', revision: 'e82be7d358', time: '2018-11-14T08:17:03'
System info: host: 'SKYOWNER', ip: '192.168.1.128', os.name: 'Windows 11', os.arch: 'amd64', os.version: '10.0', java.version: '1.8.0_333'
Driver info: org.openqa.selenium.chrome.ChromeDriver
Capabilities {acceptInsecureCerts: false, browserName: chrome, browserVersion: 118.0.5993.89, chrome: {chromedriverVersion: 118.0.5993.70 (e52f33f30b91..., userDataDir: C:\WINDOWS\SystemTemp\scope...}, fedcm:accounts: true, goog:chromeOptions: {debuggerAddress: localhost:61528}, javascriptEnabled: true, networkConnectionEnabled: false, pageLoadStrategy: normal, platform: WINDOWS, platformName: WINDOWS, proxy: Proxy(), setWindowRect: true, strictFileInteractability: false, timeouts: {implicit: 0, pageLoad: 300000, script: 30000}, unhandledPromptBehavior: dismiss and notify, webauthn:extension:credBlob: true, webauthn:extension:largeBlob: true, webauthn:extension:minPinLength: true, webauthn:extension:prf: true, webauthn:virtualAuthenticators: true}
Session ID: 3aa2495a087f2ba6f9afdb28bdf382bf
2023-10-20 14:40:55,059 ERROR h.m.WDListener [WDListener.java:152] [org.openqa.selenium.remote.http.W3CHttpResponseCodec.decode(W3CHttpResponseCodec.java:120), org.openqa.selenium.remote.http.W3CHttpResponseCodec.decode(W3CHttpResponseCodec.java:49), org.openqa.selenium.remote.HttpCommandExecutor.execute(HttpCommandExecutor.java:158), org.openqa.selenium.remote.service.DriverCommandExecutor.execute(DriverCommandExecutor.java:83), org.openqa.selenium.remote.RemoteWebDriver.execute(RemoteWebDriver.java:552), org.openqa.selenium.remote.RemoteWebDriver.execute(RemoteWebDriver.java:609), org.openqa.selenium.remote.RemoteWebDriver.getCurrentUrl(RemoteWebDriver.java:287), sun.reflect.NativeMethodAccessorImpl.invoke0(Native Method), sun.reflect.NativeMethodAccessorImpl.invoke(NativeMethodAccessorImpl.java:62), sun.reflect.DelegatingMethodAccessorImpl.invoke(DelegatingMethodAccessorImpl.java:43), java.lang.reflect.Method.invoke(Method.java:498), org.openqa.selenium.support.events.EventFiringWebDriver.lambda$new$1(EventFiringWebDriver.java:105), com.sun.proxy.$Proxy14.getCurrentUrl(Unknown Source), homework.manager.WDListener.beforeAlertAccept(WDListener.java:29), sun.reflect.NativeMethodAccessorImpl.invoke0(Native Method), sun.reflect.NativeMethodAccessorImpl.invoke(NativeMethodAccessorImpl.java:62), sun.reflect.DelegatingMethodAccessorImpl.invoke(DelegatingMethodAccessorImpl.java:43), java.lang.reflect.Method.invoke(Method.java:498), org.openqa.selenium.support.events.EventFiringWebDriver.lambda$new$0(EventFiringWebDriver.java:84), com.sun.proxy.$Proxy13.beforeAlertAccept(Unknown Source), org.openqa.selenium.support.events.EventFiringWebDriver$EventFiringAlert.accept(EventFiringWebDriver.java:794), homework.pages.LoginPage.waitForAlertAndAccept(LoginPage.java:89), homework.tests.LoginTests.negativeLoginWithoutSpecialSymbols(LoginTests.java:33), sun.reflect.NativeMethodAccessorImpl.invoke0(Native Method), sun.reflect.NativeMethodAccessorImpl.invoke(NativeMethodAccessorImpl.java:62), sun.reflect.DelegatingMethodAccessorImpl.invoke(DelegatingMethodAccessorImpl.java:43), java.lang.reflect.Method.invoke(Method.java:498), org.testng.internal.MethodInvocationHelper.invokeMethod(MethodInvocationHelper.java:133), org.testng.internal.TestInvoker.invokeMethod(TestInvoker.java:598), org.testng.internal.TestInvoker.invokeTestMethod(TestInvoker.java:173), org.testng.internal.MethodRunner.runInSequence(MethodRunner.java:46), org.testng.internal.TestInvoker$MethodInvocationAgent.invoke(TestInvoker.java:824), org.testng.internal.TestInvoker.invokeTestMethods(TestInvoker.java:146), org.testng.internal.TestMethodWorker.invokeTestMethods(TestMethodWorker.java:146), org.testng.internal.TestMethodWorker.run(TestMethodWorker.java:128), java.util.concurrent.ThreadPoolExecutor.runWorker(ThreadPoolExecutor.java:1149), java.util.concurrent.ThreadPoolExecutor$Worker.run(ThreadPoolExecutor.java:624), java.lang.Thread.run(Thread.java:750)]
2023-10-20 14:40:55,059 ERROR h.m.WDListener [WDListener.java:153] org.openqa.selenium.UnhandledAlertException: unexpected alert open: {Alert text : Wrong email or password}
  (Session info: chrome=118.0.5993.89): Wrong email or password
Build info: version: '3.141.59', revision: 'e82be7d358', time: '2018-11-14T08:17:03'
System info: host: 'SKYOWNER', ip: '192.168.1.128', os.name: 'Windows 11', os.arch: 'amd64', os.version: '10.0', java.version: '1.8.0_333'
Driver info: org.openqa.selenium.chrome.ChromeDriver
Capabilities {acceptInsecureCerts: false, browserName: chrome, browserVersion: 118.0.5993.89, chrome: {chromedriverVersion: 118.0.5993.70 (e52f33f30b91..., userDataDir: C:\WINDOWS\SystemTemp\scope...}, fedcm:accounts: true, goog:chromeOptions: {debuggerAddress: localhost:61528}, javascriptEnabled: true, networkConnectionEnabled: false, pageLoadStrategy: normal, platform: WINDOWS, platformName: WINDOWS, proxy: Proxy(), setWindowRect: true, strictFileInteractability: false, timeouts: {implicit: 0, pageLoad: 300000, script: 30000}, unhandledPromptBehavior: dismiss and notify, webauthn:extension:credBlob: true, webauthn:extension:largeBlob: true, webauthn:extension:minPinLength: true, webauthn:extension:prf: true, webauthn:virtualAuthenticators: true}
Session ID: 3aa2495a087f2ba6f9afdb28bdf382bf
2023-10-20 14:40:55,559 INFO h.m.TestNGListener [TestNGListener.java:27] test failure: negativeLoginWithoutSpecialSymbols
2023-10-20 14:40:55,560 INFO h.t.BaseTest [BaseTest.java:39] stopped method: negativeLoginWithoutSpecialSymbols
2023-10-20 14:40:55,560 INFO h.t.BaseTest [BaseTest.java:40] stopped method with params: []
2023-10-20 14:40:55,561 INFO h.t.BaseTest [BaseTest.java:32] ----------------------------------------------------------------------------------
2023-10-20 14:40:55,561 INFO h.t.BaseTest [BaseTest.java:33] started method: negativeLoginWithoutSymbols
2023-10-20 14:40:55,561 INFO h.t.BaseTest [BaseTest.java:34] started method with params: []
2023-10-20 14:40:55,561 INFO h.m.WDListener [WDListener.java:91] Before find element: By.xpath: //a[text()='LOGIN']
2023-10-20 14:40:55,580 INFO h.m.WDListener [WDListener.java:97] Element found success: By.xpath: //a[text()='LOGIN']
2023-10-20 14:40:55,580 INFO h.m.WDListener [WDListener.java:103] Start method click
2023-10-20 14:40:55,614 INFO h.m.WDListener [WDListener.java:109] done method click
2023-10-20 14:40:55,652 INFO h.m.WDListener [WDListener.java:91] Before find element: By.xpath: //a[text()='LOGIN']
2023-10-20 14:40:55,675 INFO h.m.WDListener [WDListener.java:97] Element found success: By.xpath: //a[text()='LOGIN']
2023-10-20 14:40:55,675 INFO h.m.WDListener [WDListener.java:103] Start method click
2023-10-20 14:40:55,712 INFO h.m.WDListener [WDListener.java:109] done method click
2023-10-20 14:40:55,713 INFO h.m.TestNGListener [TestNGListener.java:15] =============== started test: negativeLoginWithoutSymbols ===============
2023-10-20 14:40:55,713 INFO h.m.WDListener [WDListener.java:91] Before find element: By.xpath: //input[@name='email']
2023-10-20 14:40:55,735 INFO h.m.WDListener [WDListener.java:97] Element found success: By.xpath: //input[@name='email']
2023-10-20 14:40:55,809 INFO h.m.WDListener [WDListener.java:91] Before find element: By.xpath: //input[@name='password']
2023-10-20 14:40:55,826 INFO h.m.WDListener [WDListener.java:97] Element found success: By.xpath: //input[@name='password']
2023-10-20 14:40:55,892 INFO h.m.WDListener [WDListener.java:91] Before find element: By.xpath: //button[@name='login']
2023-10-20 14:40:55,901 INFO h.m.WDListener [WDListener.java:97] Element found success: By.xpath: //button[@name='login']
2023-10-20 14:40:55,902 INFO h.m.WDListener [WDListener.java:103] Start method click
2023-10-20 14:40:55,930 INFO h.m.WDListener [WDListener.java:109] done method click
2023-10-20 14:40:56,437 INFO h.m.WDListener [WDListener.java:148] Start on exception in WD   Listener class
2023-10-20 14:40:56,437 INFO h.m.WDListener [WDListener.java:150] Created name for the screenshot: src/test/screenshots/screenshot-2023-10-20_144056.png
2023-10-20 14:40:56,437 ERROR h.m.WDListener [WDListener.java:151] unexpected alert open: {Alert text : Wrong email or password}
  (Session info: chrome=118.0.5993.89): Wrong email or password
Build info: version: '3.141.59', revision: 'e82be7d358', time: '2018-11-14T08:17:03'
System info: host: 'SKYOWNER', ip: '192.168.1.128', os.name: 'Windows 11', os.arch: 'amd64', os.version: '10.0', java.version: '1.8.0_333'
Driver info: org.openqa.selenium.chrome.ChromeDriver
Capabilities {acceptInsecureCerts: false, browserName: chrome, browserVersion: 118.0.5993.89, chrome: {chromedriverVersion: 118.0.5993.70 (e52f33f30b91..., userDataDir: C:\WINDOWS\SystemTemp\scope...}, fedcm:accounts: true, goog:chromeOptions: {debuggerAddress: localhost:61528}, javascriptEnabled: true, networkConnectionEnabled: false, pageLoadStrategy: normal, platform: WINDOWS, platformName: WINDOWS, proxy: Proxy(), setWindowRect: true, strictFileInteractability: false, timeouts: {implicit: 0, pageLoad: 300000, script: 30000}, unhandledPromptBehavior: dismiss and notify, webauthn:extension:credBlob: true, webauthn:extension:largeBlob: true, webauthn:extension:minPinLength: true, webauthn:extension:prf: true, webauthn:virtualAuthenticators: true}
Session ID: 3aa2495a087f2ba6f9afdb28bdf382bf
2023-10-20 14:40:56,437 ERROR h.m.WDListener [WDListener.java:152] [org.openqa.selenium.remote.http.W3CHttpResponseCodec.decode(W3CHttpResponseCodec.java:120), org.openqa.selenium.remote.http.W3CHttpResponseCodec.decode(W3CHttpResponseCodec.java:49), org.openqa.selenium.remote.HttpCommandExecutor.execute(HttpCommandExecutor.java:158), org.openqa.selenium.remote.service.DriverCommandExecutor.execute(DriverCommandExecutor.java:83), org.openqa.selenium.remote.RemoteWebDriver.execute(RemoteWebDriver.java:552), org.openqa.selenium.remote.RemoteWebDriver.execute(RemoteWebDriver.java:609), org.openqa.selenium.remote.RemoteWebDriver.getCurrentUrl(RemoteWebDriver.java:287), sun.reflect.NativeMethodAccessorImpl.invoke0(Native Method), sun.reflect.NativeMethodAccessorImpl.invoke(NativeMethodAccessorImpl.java:62), sun.reflect.DelegatingMethodAccessorImpl.invoke(DelegatingMethodAccessorImpl.java:43), java.lang.reflect.Method.invoke(Method.java:498), org.openqa.selenium.support.events.EventFiringWebDriver.lambda$new$1(EventFiringWebDriver.java:105), com.sun.proxy.$Proxy14.getCurrentUrl(Unknown Source), homework.manager.WDListener.beforeAlertAccept(WDListener.java:29), sun.reflect.NativeMethodAccessorImpl.invoke0(Native Method), sun.reflect.NativeMethodAccessorImpl.invoke(NativeMethodAccessorImpl.java:62), sun.reflect.DelegatingMethodAccessorImpl.invoke(DelegatingMethodAccessorImpl.java:43), java.lang.reflect.Method.invoke(Method.java:498), org.openqa.selenium.support.events.EventFiringWebDriver.lambda$new$0(EventFiringWebDriver.java:84), com.sun.proxy.$Proxy13.beforeAlertAccept(Unknown Source), org.openqa.selenium.support.events.EventFiringWebDriver$EventFiringAlert.accept(EventFiringWebDriver.java:794), homework.pages.LoginPage.waitForAlertAndAccept(LoginPage.java:89), homework.tests.LoginTests.negativeLoginWithoutSymbols(LoginTests.java:41), sun.reflect.NativeMethodAccessorImpl.invoke0(Native Method), sun.reflect.NativeMethodAccessorImpl.invoke(NativeMethodAccessorImpl.java:62), sun.reflect.DelegatingMethodAccessorImpl.invoke(DelegatingMethodAccessorImpl.java:43), java.lang.reflect.Method.invoke(Method.java:498), org.testng.internal.MethodInvocationHelper.invokeMethod(MethodInvocationHelper.java:133), org.testng.internal.TestInvoker.invokeMethod(TestInvoker.java:598), org.testng.internal.TestInvoker.invokeTestMethod(TestInvoker.java:173), org.testng.internal.MethodRunner.runInSequence(MethodRunner.java:46), org.testng.internal.TestInvoker$MethodInvocationAgent.invoke(TestInvoker.java:824), org.testng.internal.TestInvoker.invokeTestMethods(TestInvoker.java:146), org.testng.internal.TestMethodWorker.invokeTestMethods(TestMethodWorker.java:146), org.testng.internal.TestMethodWorker.run(TestMethodWorker.java:128), java.util.concurrent.ThreadPoolExecutor.runWorker(ThreadPoolExecutor.java:1149), java.util.concurrent.ThreadPoolExecutor$Worker.run(ThreadPoolExecutor.java:624), java.lang.Thread.run(Thread.java:750)]
2023-10-20 14:40:56,437 ERROR h.m.WDListener [WDListener.java:153] org.openqa.selenium.UnhandledAlertException: unexpected alert open: {Alert text : Wrong email or password}
  (Session info: chrome=118.0.5993.89): Wrong email or password
Build info: version: '3.141.59', revision: 'e82be7d358', time: '2018-11-14T08:17:03'
System info: host: 'SKYOWNER', ip: '192.168.1.128', os.name: 'Windows 11', os.arch: 'amd64', os.version: '10.0', java.version: '1.8.0_333'
Driver info: org.openqa.selenium.chrome.ChromeDriver
Capabilities {acceptInsecureCerts: false, browserName: chrome, browserVersion: 118.0.5993.89, chrome: {chromedriverVersion: 118.0.5993.70 (e52f33f30b91..., userDataDir: C:\WINDOWS\SystemTemp\scope...}, fedcm:accounts: true, goog:chromeOptions: {debuggerAddress: localhost:61528}, javascriptEnabled: true, networkConnectionEnabled: false, pageLoadStrategy: normal, platform: WINDOWS, platformName: WINDOWS, proxy: Proxy(), setWindowRect: true, strictFileInteractability: false, timeouts: {implicit: 0, pageLoad: 300000, script: 30000}, unhandledPromptBehavior: dismiss and notify, webauthn:extension:credBlob: true, webauthn:extension:largeBlob: true, webauthn:extension:minPinLength: true, webauthn:extension:prf: true, webauthn:virtualAuthenticators: true}
Session ID: 3aa2495a087f2ba6f9afdb28bdf382bf
2023-10-20 14:40:56,954 INFO h.m.TestNGListener [TestNGListener.java:27] test failure: negativeLoginWithoutSymbols
2023-10-20 14:40:56,955 INFO h.t.BaseTest [BaseTest.java:39] stopped method: negativeLoginWithoutSymbols
2023-10-20 14:40:56,955 INFO h.t.BaseTest [BaseTest.java:40] stopped method with params: []
2023-10-20 14:40:56,956 INFO h.t.BaseTest [BaseTest.java:32] ----------------------------------------------------------------------------------
2023-10-20 14:40:56,956 INFO h.t.BaseTest [BaseTest.java:33] started method: positiveLogin
2023-10-20 14:40:56,956 INFO h.t.BaseTest [BaseTest.java:34] started method with params: []
2023-10-20 14:40:56,956 INFO h.m.WDListener [WDListener.java:91] Before find element: By.xpath: //a[text()='LOGIN']
2023-10-20 14:40:56,968 INFO h.m.WDListener [WDListener.java:97] Element found success: By.xpath: //a[text()='LOGIN']
2023-10-20 14:40:56,969 INFO h.m.WDListener [WDListener.java:103] Start method click
2023-10-20 14:40:57,000 INFO h.m.WDListener [WDListener.java:109] done method click
2023-10-20 14:40:57,031 INFO h.m.WDListener [WDListener.java:91] Before find element: By.xpath: //a[text()='LOGIN']
2023-10-20 14:40:57,042 INFO h.m.WDListener [WDListener.java:97] Element found success: By.xpath: //a[text()='LOGIN']
2023-10-20 14:40:57,042 INFO h.m.WDListener [WDListener.java:103] Start method click
2023-10-20 14:40:57,077 INFO h.m.WDListener [WDListener.java:109] done method click
2023-10-20 14:40:57,078 INFO h.m.TestNGListener [TestNGListener.java:15] =============== started test: positiveLogin ===============
2023-10-20 14:40:57,078 INFO h.m.WDListener [WDListener.java:91] Before find element: By.xpath: //input[@name='email']
2023-10-20 14:40:57,088 INFO h.m.WDListener [WDListener.java:97] Element found success: By.xpath: //input[@name='email']
2023-10-20 14:40:57,162 INFO h.m.WDListener [WDListener.java:91] Before find element: By.xpath: //input[@name='password']
2023-10-20 14:40:57,179 INFO h.m.WDListener [WDListener.java:97] Element found success: By.xpath: //input[@name='password']
2023-10-20 14:40:57,249 INFO h.m.WDListener [WDListener.java:91] Before find element: By.xpath: //button[@name='login']
2023-10-20 14:40:57,292 INFO h.m.WDListener [WDListener.java:97] Element found success: By.xpath: //button[@name='login']
2023-10-20 14:40:57,292 INFO h.m.WDListener [WDListener.java:103] Start method click
2023-10-20 14:40:57,316 INFO h.m.WDListener [WDListener.java:109] done method click
2023-10-20 14:40:57,316 INFO h.m.WDListener [WDListener.java:91] Before find element: By.xpath: //h1[text()=' No Contacts here!']
2023-10-20 14:40:57,825 INFO h.m.WDListener [WDListener.java:97] Element found success: By.xpath: //h1[text()=' No Contacts here!']
2023-10-20 14:40:57,863 INFO h.m.TestNGListener [TestNGListener.java:21] test success: positiveLogin
2023-10-20 14:40:57,864 INFO h.t.BaseTest [BaseTest.java:39] stopped method: positiveLogin
2023-10-20 14:40:57,864 INFO h.t.BaseTest [BaseTest.java:40] stopped method with params: []
2023-10-20 14:40:58,480 INFO h.m.TestNGListener [TestNGListener.java:56] all code executed: passed tests: [ResultMap map=[[TestResult name=positiveLogin status=SUCCESS method=LoginTests.positiveLogin()[pri:0, instance:homework.tests.LoginTests@25084a1e] output={null}]]]
2023-10-20 14:40:58,480 INFO h.m.TestNGListener [TestNGListener.java:57] all code executed: failed tests: [ResultMap map=[[TestResult name=negativeLoginWithUpperCase status=FAILURE method=LoginTests.negativeLoginWithUpperCase()[pri:0, instance:homework.tests.LoginTests@25084a1e] output={null}], [TestResult name=negativeLoginWithoutSymbols status=FAILURE method=LoginTests.negativeLoginWithoutSymbols()[pri:0, instance:homework.tests.LoginTests@25084a1e] output={null}], [TestResult name=negativeLoginWithoutSpecialSymbols status=FAILURE method=LoginTests.negativeLoginWithoutSpecialSymbols()[pri:0, instance:homework.tests.LoginTests@25084a1e] output={null}]]]
